{"/home/teddie/projects/frontend/src/hooks/useFacebookUser.ts": {"path":"/home/teddie/projects/frontend/src/hooks/useFacebookUser.ts","statementMap":{"0":{"start":{"line":11,"column":16},"end":{"line":11,"column":63}},"1":{"start":{"line":12,"column":17},"end":{"line":12,"column":74}},"2":{"start":{"line":13,"column":21},"end":{"line":13,"column":102}},"3":{"start":{"line":14,"column":18},"end":{"line":14,"column":47}},"4":{"start":{"line":15,"column":16},"end":{"line":15,"column":57}},"5":{"start":{"line":17,"column":8},"end":{"line":32,"column":8}},"6":{"start":{"line":18,"column":4},"end":{"line":18,"column":null}},"7":{"start":{"line":19,"column":4},"end":{"line":19,"column":null}},"8":{"start":{"line":20,"column":4},"end":{"line":30,"column":null}},"9":{"start":{"line":21,"column":18},"end":{"line":21,"column":52}},"10":{"start":{"line":22,"column":6},"end":{"line":25,"column":null}},"11":{"start":{"line":23,"column":8},"end":{"line":23,"column":null}},"12":{"start":{"line":25,"column":8},"end":{"line":25,"column":null}},"13":{"start":{"line":28,"column":6},"end":{"line":28,"column":null}},"14":{"start":{"line":30,"column":6},"end":{"line":30,"column":null}},"15":{"start":{"line":34,"column":8},"end":{"line":49,"column":8}},"16":{"start":{"line":35,"column":4},"end":{"line":35,"column":null}},"17":{"start":{"line":36,"column":4},"end":{"line":36,"column":null}},"18":{"start":{"line":37,"column":4},"end":{"line":47,"column":null}},"19":{"start":{"line":38,"column":18},"end":{"line":38,"column":55}},"20":{"start":{"line":39,"column":6},"end":{"line":42,"column":null}},"21":{"start":{"line":40,"column":8},"end":{"line":40,"column":null}},"22":{"start":{"line":42,"column":8},"end":{"line":42,"column":null}},"23":{"start":{"line":45,"column":6},"end":{"line":45,"column":null}},"24":{"start":{"line":47,"column":6},"end":{"line":47,"column":null}},"25":{"start":{"line":51,"column":8},"end":{"line":70,"column":8}},"26":{"start":{"line":56,"column":4},"end":{"line":56,"column":null}},"27":{"start":{"line":57,"column":4},"end":{"line":57,"column":null}},"28":{"start":{"line":58,"column":4},"end":{"line":68,"column":null}},"29":{"start":{"line":59,"column":18},"end":{"line":59,"column":72}},"30":{"start":{"line":60,"column":6},"end":{"line":63,"column":null}},"31":{"start":{"line":61,"column":8},"end":{"line":61,"column":null}},"32":{"start":{"line":63,"column":8},"end":{"line":63,"column":null}},"33":{"start":{"line":66,"column":6},"end":{"line":66,"column":null}},"34":{"start":{"line":68,"column":6},"end":{"line":68,"column":null}},"35":{"start":{"line":72,"column":8},"end":{"line":87,"column":8}},"36":{"start":{"line":73,"column":4},"end":{"line":73,"column":null}},"37":{"start":{"line":74,"column":4},"end":{"line":74,"column":null}},"38":{"start":{"line":75,"column":4},"end":{"line":85,"column":null}},"39":{"start":{"line":76,"column":18},"end":{"line":76,"column":56}},"40":{"start":{"line":77,"column":6},"end":{"line":80,"column":null}},"41":{"start":{"line":78,"column":8},"end":{"line":78,"column":null}},"42":{"start":{"line":80,"column":8},"end":{"line":80,"column":null}},"43":{"start":{"line":83,"column":6},"end":{"line":83,"column":null}},"44":{"start":{"line":85,"column":6},"end":{"line":85,"column":null}},"45":{"start":{"line":89,"column":8},"end":{"line":104,"column":8}},"46":{"start":{"line":90,"column":4},"end":{"line":90,"column":null}},"47":{"start":{"line":91,"column":4},"end":{"line":91,"column":null}},"48":{"start":{"line":92,"column":4},"end":{"line":102,"column":null}},"49":{"start":{"line":93,"column":18},"end":{"line":93,"column":56}},"50":{"start":{"line":94,"column":6},"end":{"line":97,"column":null}},"51":{"start":{"line":95,"column":8},"end":{"line":95,"column":null}},"52":{"start":{"line":97,"column":8},"end":{"line":97,"column":null}},"53":{"start":{"line":100,"column":6},"end":{"line":100,"column":null}},"54":{"start":{"line":102,"column":6},"end":{"line":102,"column":null}},"55":{"start":{"line":106,"column":8},"end":{"line":119,"column":8}},"56":{"start":{"line":107,"column":4},"end":{"line":107,"column":null}},"57":{"start":{"line":108,"column":4},"end":{"line":108,"column":null}},"58":{"start":{"line":109,"column":4},"end":{"line":117,"column":null}},"59":{"start":{"line":110,"column":18},"end":{"line":110,"column":54}},"60":{"start":{"line":111,"column":6},"end":{"line":112,"column":null}},"61":{"start":{"line":112,"column":8},"end":{"line":112,"column":null}},"62":{"start":{"line":115,"column":6},"end":{"line":115,"column":null}},"63":{"start":{"line":117,"column":6},"end":{"line":117,"column":null}},"64":{"start":{"line":121,"column":8},"end":{"line":134,"column":8}},"65":{"start":{"line":122,"column":4},"end":{"line":122,"column":null}},"66":{"start":{"line":123,"column":4},"end":{"line":123,"column":null}},"67":{"start":{"line":124,"column":4},"end":{"line":132,"column":null}},"68":{"start":{"line":125,"column":18},"end":{"line":125,"column":58}},"69":{"start":{"line":126,"column":6},"end":{"line":127,"column":null}},"70":{"start":{"line":127,"column":8},"end":{"line":127,"column":null}},"71":{"start":{"line":130,"column":6},"end":{"line":130,"column":null}},"72":{"start":{"line":132,"column":6},"end":{"line":132,"column":null}},"73":{"start":{"line":136,"column":2},"end":{"line":149,"column":null}}},"fnMap":{"0":{"name":"useFacebookUser","decl":{"start":{"line":10,"column":16},"end":{"line":10,"column":34}},"loc":{"start":{"line":10,"column":34},"end":{"line":149,"column":null}},"line":10},"1":{"name":"(anonymous_1)","decl":{"start":{"line":17,"column":31},"end":{"line":17,"column":43}},"loc":{"start":{"line":17,"column":43},"end":{"line":32,"column":7}},"line":17},"2":{"name":"(anonymous_2)","decl":{"start":{"line":34,"column":32},"end":{"line":34,"column":39}},"loc":{"start":{"line":34,"column":54},"end":{"line":49,"column":7}},"line":34},"3":{"name":"(anonymous_3)","decl":{"start":{"line":51,"column":29},"end":{"line":51,"column":null}},"loc":{"start":{"line":55,"column":7},"end":{"line":70,"column":7}},"line":55},"4":{"name":"(anonymous_4)","decl":{"start":{"line":72,"column":29},"end":{"line":72,"column":36}},"loc":{"start":{"line":72,"column":68},"end":{"line":87,"column":7}},"line":72},"5":{"name":"(anonymous_5)","decl":{"start":{"line":89,"column":29},"end":{"line":89,"column":36}},"loc":{"start":{"line":89,"column":68},"end":{"line":104,"column":7}},"line":89},"6":{"name":"(anonymous_6)","decl":{"start":{"line":106,"column":29},"end":{"line":106,"column":36}},"loc":{"start":{"line":106,"column":51},"end":{"line":119,"column":7}},"line":106},"7":{"name":"(anonymous_7)","decl":{"start":{"line":121,"column":32},"end":{"line":121,"column":39}},"loc":{"start":{"line":121,"column":57},"end":{"line":134,"column":7}},"line":121}},"branchMap":{"0":{"loc":{"start":{"line":22,"column":6},"end":{"line":25,"column":null}},"type":"if","locations":[{"start":{"line":22,"column":6},"end":{"line":25,"column":null}},{"start":{"line":24,"column":13},"end":{"line":25,"column":null}}],"line":22},"1":{"loc":{"start":{"line":22,"column":10},"end":{"line":22,"column":35}},"type":"binary-expr","locations":[{"start":{"line":22,"column":10},"end":{"line":22,"column":25}},{"start":{"line":22,"column":25},"end":{"line":22,"column":35}}],"line":22},"2":{"loc":{"start":{"line":25,"column":17},"end":{"line":25,"column":67}},"type":"binary-expr","locations":[{"start":{"line":25,"column":17},"end":{"line":25,"column":32}},{"start":{"line":25,"column":32},"end":{"line":25,"column":67}}],"line":25},"3":{"loc":{"start":{"line":28,"column":15},"end":{"line":28,"column":71}},"type":"cond-expr","locations":[{"start":{"line":28,"column":38},"end":{"line":28,"column":52}},{"start":{"line":28,"column":52},"end":{"line":28,"column":71}}],"line":28},"4":{"loc":{"start":{"line":39,"column":6},"end":{"line":42,"column":null}},"type":"if","locations":[{"start":{"line":39,"column":6},"end":{"line":42,"column":null}},{"start":{"line":41,"column":13},"end":{"line":42,"column":null}}],"line":39},"5":{"loc":{"start":{"line":39,"column":10},"end":{"line":39,"column":35}},"type":"binary-expr","locations":[{"start":{"line":39,"column":10},"end":{"line":39,"column":25}},{"start":{"line":39,"column":25},"end":{"line":39,"column":35}}],"line":39},"6":{"loc":{"start":{"line":42,"column":17},"end":{"line":42,"column":65}},"type":"binary-expr","locations":[{"start":{"line":42,"column":17},"end":{"line":42,"column":32}},{"start":{"line":42,"column":32},"end":{"line":42,"column":65}}],"line":42},"7":{"loc":{"start":{"line":45,"column":15},"end":{"line":45,"column":71}},"type":"cond-expr","locations":[{"start":{"line":45,"column":38},"end":{"line":45,"column":52}},{"start":{"line":45,"column":52},"end":{"line":45,"column":71}}],"line":45},"8":{"loc":{"start":{"line":53,"column":4},"end":{"line":53,"column":null}},"type":"default-arg","locations":[{"start":{"line":53,"column":11},"end":{"line":53,"column":null}}],"line":53},"9":{"loc":{"start":{"line":54,"column":4},"end":{"line":54,"column":null}},"type":"default-arg","locations":[{"start":{"line":54,"column":11},"end":{"line":54,"column":null}}],"line":54},"10":{"loc":{"start":{"line":60,"column":6},"end":{"line":63,"column":null}},"type":"if","locations":[{"start":{"line":60,"column":6},"end":{"line":63,"column":null}},{"start":{"line":62,"column":13},"end":{"line":63,"column":null}}],"line":60},"11":{"loc":{"start":{"line":60,"column":10},"end":{"line":60,"column":35}},"type":"binary-expr","locations":[{"start":{"line":60,"column":10},"end":{"line":60,"column":25}},{"start":{"line":60,"column":25},"end":{"line":60,"column":35}}],"line":60},"12":{"loc":{"start":{"line":63,"column":17},"end":{"line":63,"column":62}},"type":"binary-expr","locations":[{"start":{"line":63,"column":17},"end":{"line":63,"column":32}},{"start":{"line":63,"column":32},"end":{"line":63,"column":62}}],"line":63},"13":{"loc":{"start":{"line":66,"column":15},"end":{"line":66,"column":71}},"type":"cond-expr","locations":[{"start":{"line":66,"column":38},"end":{"line":66,"column":52}},{"start":{"line":66,"column":52},"end":{"line":66,"column":71}}],"line":66},"14":{"loc":{"start":{"line":77,"column":6},"end":{"line":80,"column":null}},"type":"if","locations":[{"start":{"line":77,"column":6},"end":{"line":80,"column":null}},{"start":{"line":79,"column":13},"end":{"line":80,"column":null}}],"line":77},"15":{"loc":{"start":{"line":77,"column":10},"end":{"line":77,"column":35}},"type":"binary-expr","locations":[{"start":{"line":77,"column":10},"end":{"line":77,"column":25}},{"start":{"line":77,"column":25},"end":{"line":77,"column":35}}],"line":77},"16":{"loc":{"start":{"line":80,"column":17},"end":{"line":80,"column":56}},"type":"binary-expr","locations":[{"start":{"line":80,"column":17},"end":{"line":80,"column":32}},{"start":{"line":80,"column":32},"end":{"line":80,"column":56}}],"line":80},"17":{"loc":{"start":{"line":83,"column":15},"end":{"line":83,"column":71}},"type":"cond-expr","locations":[{"start":{"line":83,"column":38},"end":{"line":83,"column":52}},{"start":{"line":83,"column":52},"end":{"line":83,"column":71}}],"line":83},"18":{"loc":{"start":{"line":94,"column":6},"end":{"line":97,"column":null}},"type":"if","locations":[{"start":{"line":94,"column":6},"end":{"line":97,"column":null}},{"start":{"line":96,"column":13},"end":{"line":97,"column":null}}],"line":94},"19":{"loc":{"start":{"line":94,"column":10},"end":{"line":94,"column":35}},"type":"binary-expr","locations":[{"start":{"line":94,"column":10},"end":{"line":94,"column":25}},{"start":{"line":94,"column":25},"end":{"line":94,"column":35}}],"line":94},"20":{"loc":{"start":{"line":97,"column":17},"end":{"line":97,"column":61}},"type":"binary-expr","locations":[{"start":{"line":97,"column":17},"end":{"line":97,"column":32}},{"start":{"line":97,"column":32},"end":{"line":97,"column":61}}],"line":97},"21":{"loc":{"start":{"line":100,"column":15},"end":{"line":100,"column":71}},"type":"cond-expr","locations":[{"start":{"line":100,"column":38},"end":{"line":100,"column":52}},{"start":{"line":100,"column":52},"end":{"line":100,"column":71}}],"line":100},"22":{"loc":{"start":{"line":111,"column":6},"end":{"line":112,"column":null}},"type":"if","locations":[{"start":{"line":111,"column":6},"end":{"line":112,"column":null}},{"start":{},"end":{}}],"line":111},"23":{"loc":{"start":{"line":112,"column":17},"end":{"line":112,"column":56}},"type":"binary-expr","locations":[{"start":{"line":112,"column":17},"end":{"line":112,"column":32}},{"start":{"line":112,"column":32},"end":{"line":112,"column":56}}],"line":112},"24":{"loc":{"start":{"line":115,"column":15},"end":{"line":115,"column":71}},"type":"cond-expr","locations":[{"start":{"line":115,"column":38},"end":{"line":115,"column":52}},{"start":{"line":115,"column":52},"end":{"line":115,"column":71}}],"line":115},"25":{"loc":{"start":{"line":126,"column":6},"end":{"line":127,"column":null}},"type":"if","locations":[{"start":{"line":126,"column":6},"end":{"line":127,"column":null}},{"start":{},"end":{}}],"line":126},"26":{"loc":{"start":{"line":127,"column":17},"end":{"line":127,"column":63}},"type":"binary-expr","locations":[{"start":{"line":127,"column":17},"end":{"line":127,"column":32}},{"start":{"line":127,"column":32},"end":{"line":127,"column":63}}],"line":127},"27":{"loc":{"start":{"line":130,"column":15},"end":{"line":130,"column":71}},"type":"cond-expr","locations":[{"start":{"line":130,"column":38},"end":{"line":130,"column":52}},{"start":{"line":130,"column":52},"end":{"line":130,"column":71}}],"line":130}},"s":{"0":28,"1":28,"2":28,"3":28,"4":28,"5":28,"6":2,"7":2,"8":2,"9":2,"10":2,"11":1,"12":1,"13":0,"14":2,"15":28,"16":2,"17":2,"18":2,"19":2,"20":2,"21":1,"22":1,"23":0,"24":2,"25":28,"26":2,"27":2,"28":2,"29":2,"30":2,"31":1,"32":1,"33":0,"34":2,"35":28,"36":2,"37":2,"38":2,"39":2,"40":2,"41":1,"42":1,"43":0,"44":2,"45":28,"46":2,"47":2,"48":2,"49":2,"50":2,"51":1,"52":1,"53":0,"54":2,"55":28,"56":2,"57":2,"58":2,"59":2,"60":2,"61":1,"62":0,"63":2,"64":28,"65":2,"66":2,"67":2,"68":2,"69":2,"70":1,"71":0,"72":2,"73":28},"f":{"0":28,"1":2,"2":2,"3":2,"4":2,"5":2,"6":2,"7":2},"b":{"0":[1,1],"1":[2,1],"2":[1,0],"3":[0,0],"4":[1,1],"5":[2,1],"6":[1,0],"7":[0,0],"8":[2],"9":[2],"10":[1,1],"11":[2,1],"12":[1,0],"13":[0,0],"14":[1,1],"15":[2,1],"16":[1,0],"17":[0,0],"18":[1,1],"19":[2,1],"20":[1,0],"21":[0,0],"22":[1,1],"23":[1,0],"24":[0,0],"25":[1,1],"26":[1,0],"27":[0,0]},"meta":{"lastBranch":28,"lastFunction":8,"lastStatement":74,"seen":{"f:10:16:10:34":0,"s:11:16:11:63":0,"s:12:17:12:74":1,"s:13:21:13:102":2,"s:14:18:14:47":3,"s:15:16:15:57":4,"s:17:8:32:8":5,"f:17:31:17:43":1,"s:18:4:18:Infinity":6,"s:19:4:19:Infinity":7,"s:20:4:30:Infinity":8,"s:21:18:21:52":9,"b:22:6:25:Infinity:24:13:25:Infinity":0,"s:22:6:25:Infinity":10,"b:22:10:22:25:22:25:22:35":1,"s:23:8:23:Infinity":11,"s:25:8:25:Infinity":12,"b:25:17:25:32:25:32:25:67":2,"s:28:6:28:Infinity":13,"b:28:38:28:52:28:52:28:71":3,"s:30:6:30:Infinity":14,"s:34:8:49:8":15,"f:34:32:34:39":2,"s:35:4:35:Infinity":16,"s:36:4:36:Infinity":17,"s:37:4:47:Infinity":18,"s:38:18:38:55":19,"b:39:6:42:Infinity:41:13:42:Infinity":4,"s:39:6:42:Infinity":20,"b:39:10:39:25:39:25:39:35":5,"s:40:8:40:Infinity":21,"s:42:8:42:Infinity":22,"b:42:17:42:32:42:32:42:65":6,"s:45:6:45:Infinity":23,"b:45:38:45:52:45:52:45:71":7,"s:47:6:47:Infinity":24,"s:51:8:70:8":25,"f:51:29:51:Infinity":3,"b:53:11:53:Infinity":8,"b:54:11:54:Infinity":9,"s:56:4:56:Infinity":26,"s:57:4:57:Infinity":27,"s:58:4:68:Infinity":28,"s:59:18:59:72":29,"b:60:6:63:Infinity:62:13:63:Infinity":10,"s:60:6:63:Infinity":30,"b:60:10:60:25:60:25:60:35":11,"s:61:8:61:Infinity":31,"s:63:8:63:Infinity":32,"b:63:17:63:32:63:32:63:62":12,"s:66:6:66:Infinity":33,"b:66:38:66:52:66:52:66:71":13,"s:68:6:68:Infinity":34,"s:72:8:87:8":35,"f:72:29:72:36":4,"s:73:4:73:Infinity":36,"s:74:4:74:Infinity":37,"s:75:4:85:Infinity":38,"s:76:18:76:56":39,"b:77:6:80:Infinity:79:13:80:Infinity":14,"s:77:6:80:Infinity":40,"b:77:10:77:25:77:25:77:35":15,"s:78:8:78:Infinity":41,"s:80:8:80:Infinity":42,"b:80:17:80:32:80:32:80:56":16,"s:83:6:83:Infinity":43,"b:83:38:83:52:83:52:83:71":17,"s:85:6:85:Infinity":44,"s:89:8:104:8":45,"f:89:29:89:36":5,"s:90:4:90:Infinity":46,"s:91:4:91:Infinity":47,"s:92:4:102:Infinity":48,"s:93:18:93:56":49,"b:94:6:97:Infinity:96:13:97:Infinity":18,"s:94:6:97:Infinity":50,"b:94:10:94:25:94:25:94:35":19,"s:95:8:95:Infinity":51,"s:97:8:97:Infinity":52,"b:97:17:97:32:97:32:97:61":20,"s:100:6:100:Infinity":53,"b:100:38:100:52:100:52:100:71":21,"s:102:6:102:Infinity":54,"s:106:8:119:8":55,"f:106:29:106:36":6,"s:107:4:107:Infinity":56,"s:108:4:108:Infinity":57,"s:109:4:117:Infinity":58,"s:110:18:110:54":59,"b:111:6:112:Infinity:undefined:undefined:undefined:undefined":22,"s:111:6:112:Infinity":60,"s:112:8:112:Infinity":61,"b:112:17:112:32:112:32:112:56":23,"s:115:6:115:Infinity":62,"b:115:38:115:52:115:52:115:71":24,"s:117:6:117:Infinity":63,"s:121:8:134:8":64,"f:121:32:121:39":7,"s:122:4:122:Infinity":65,"s:123:4:123:Infinity":66,"s:124:4:132:Infinity":67,"s:125:18:125:58":68,"b:126:6:127:Infinity:undefined:undefined:undefined:undefined":25,"s:126:6:127:Infinity":69,"s:127:8:127:Infinity":70,"b:127:17:127:32:127:32:127:63":26,"s:130:6:130:Infinity":71,"b:130:38:130:52:130:52:130:71":27,"s:132:6:132:Infinity":72,"s:136:2:149:Infinity":73}}}
,"/home/teddie/projects/frontend/src/lib/http/httpClient.ts": {"path":"/home/teddie/projects/frontend/src/lib/http/httpClient.ts","statementMap":{"0":{"start":{"line":9,"column":50},"end":{"line":9,"column":52}},"1":{"start":{"line":10,"column":52},"end":{"line":10,"column":54}},"2":{"start":{"line":11,"column":17},"end":{"line":11,"column":null}},"3":{"start":{"line":12,"column":15},"end":{"line":12,"column":null}},"4":{"start":{"line":16,"column":17},"end":{"line":18,"column":null}},"5":{"start":{"line":19,"column":4},"end":{"line":19,"column":null}},"6":{"start":{"line":20,"column":4},"end":{"line":20,"column":null}},"7":{"start":{"line":21,"column":4},"end":{"line":21,"column":null}},"8":{"start":{"line":21,"column":53},"end":{"line":21,"column":null}},"9":{"start":{"line":23,"column":18},"end":{"line":28,"column":16}},"10":{"start":{"line":25,"column":30},"end":{"line":25,"column":null}},"11":{"start":{"line":30,"column":4},"end":{"line":32,"column":null}},"12":{"start":{"line":36,"column":24},"end":{"line":36,"column":null}},"13":{"start":{"line":38,"column":4},"end":{"line":38,"column":null}},"14":{"start":{"line":38,"column":44},"end":{"line":38,"column":null}},"15":{"start":{"line":39,"column":4},"end":{"line":39,"column":null}},"16":{"start":{"line":39,"column":50},"end":{"line":39,"column":null}},"17":{"start":{"line":41,"column":4},"end":{"line":41,"column":null}},"18":{"start":{"line":48,"column":22},"end":{"line":48,"column":null}},"19":{"start":{"line":49,"column":4},"end":{"line":50,"column":null}},"20":{"start":{"line":50,"column":8},"end":{"line":50,"column":null}},"21":{"start":{"line":53,"column":79},"end":{"line":53,"column":null}},"22":{"start":{"line":56,"column":30},"end":{"line":56,"column":51}},"23":{"start":{"line":57,"column":22},"end":{"line":57,"column":76}},"24":{"start":{"line":57,"column":39},"end":{"line":57,"column":64}},"25":{"start":{"line":59,"column":27},"end":{"line":61,"column":null}},"26":{"start":{"line":63,"column":38},"end":{"line":69,"column":null}},"27":{"start":{"line":71,"column":4},"end":{"line":92,"column":null}},"28":{"start":{"line":73,"column":8},"end":{"line":73,"column":null}},"29":{"start":{"line":74,"column":20},"end":{"line":74,"column":68}},"30":{"start":{"line":75,"column":8},"end":{"line":75,"column":null}},"31":{"start":{"line":77,"column":21},"end":{"line":77,"column":41}},"32":{"start":{"line":80,"column":38},"end":{"line":80,"column":null}},"33":{"start":{"line":83,"column":8},"end":{"line":84,"column":null}},"34":{"start":{"line":84,"column":12},"end":{"line":84,"column":null}},"35":{"start":{"line":87,"column":8},"end":{"line":87,"column":null}},"36":{"start":{"line":89,"column":8},"end":{"line":89,"column":null}},"37":{"start":{"line":92,"column":8},"end":{"line":92,"column":null}},"38":{"start":{"line":98,"column":26},"end":{"line":129,"column":null}},"39":{"start":{"line":102,"column":8},"end":{"line":102,"column":null}},"40":{"start":{"line":106,"column":8},"end":{"line":106,"column":null}},"41":{"start":{"line":110,"column":8},"end":{"line":110,"column":null}},"42":{"start":{"line":114,"column":8},"end":{"line":114,"column":null}},"43":{"start":{"line":118,"column":8},"end":{"line":118,"column":null}},"44":{"start":{"line":123,"column":8},"end":{"line":123,"column":null}},"45":{"start":{"line":127,"column":8},"end":{"line":127,"column":null}}},"fnMap":{"0":{"name":"buildUrl","decl":{"start":{"line":15,"column":9},"end":{"line":15,"column":18}},"loc":{"start":{"line":15,"column":73},"end":{"line":32,"column":null}},"line":15},"1":{"name":"(anonymous_1)","decl":{"start":{"line":24,"column":31},"end":{"line":24,"column":null}},"loc":{"start":{"line":25,"column":30},"end":{"line":25,"column":null}},"line":25},"2":{"name":"parseBody","decl":{"start":{"line":35,"column":15},"end":{"line":35,"column":25}},"loc":{"start":{"line":35,"column":58},"end":{"line":41,"column":null}},"line":35},"3":{"name":"request","decl":{"start":{"line":46,"column":15},"end":{"line":46,"column":36}},"loc":{"start":{"line":46,"column":85},"end":{"line":92,"column":null}},"line":46},"4":{"name":"(anonymous_4)","decl":{"start":{"line":57,"column":22},"end":{"line":57,"column":39}},"loc":{"start":{"line":57,"column":39},"end":{"line":57,"column":64}},"line":57},"5":{"name":"(anonymous_5)","decl":{"start":{"line":101,"column":4},"end":{"line":101,"column":21}},"loc":{"start":{"line":101,"column":105},"end":{"line":102,"column":null}},"line":101},"6":{"name":"(anonymous_6)","decl":{"start":{"line":105,"column":4},"end":{"line":105,"column":22}},"loc":{"start":{"line":105,"column":107},"end":{"line":106,"column":null}},"line":105},"7":{"name":"(anonymous_7)","decl":{"start":{"line":109,"column":4},"end":{"line":109,"column":21}},"loc":{"start":{"line":109,"column":106},"end":{"line":110,"column":null}},"line":109},"8":{"name":"(anonymous_8)","decl":{"start":{"line":113,"column":4},"end":{"line":113,"column":23}},"loc":{"start":{"line":113,"column":108},"end":{"line":114,"column":null}},"line":113},"9":{"name":"(anonymous_9)","decl":{"start":{"line":117,"column":4},"end":{"line":117,"column":24}},"loc":{"start":{"line":117,"column":109},"end":{"line":118,"column":null}},"line":117},"10":{"name":"(anonymous_10)","decl":{"start":{"line":122,"column":4},"end":{"line":122,"column":26}},"loc":{"start":{"line":122,"column":50},"end":{"line":123,"column":null}},"line":122},"11":{"name":"(anonymous_11)","decl":{"start":{"line":126,"column":4},"end":{"line":126,"column":27}},"loc":{"start":{"line":126,"column":52},"end":{"line":127,"column":null}},"line":126}},"branchMap":{"0":{"loc":{"start":{"line":11,"column":17},"end":{"line":11,"column":null}},"type":"binary-expr","locations":[{"start":{"line":11,"column":17},"end":{"line":11,"column":54}},{"start":{"line":11,"column":54},"end":{"line":11,"column":null}}],"line":11},"1":{"loc":{"start":{"line":12,"column":15},"end":{"line":12,"column":null}},"type":"binary-expr","locations":[{"start":{"line":12,"column":15},"end":{"line":12,"column":46}},{"start":{"line":12,"column":46},"end":{"line":12,"column":null}}],"line":12},"2":{"loc":{"start":{"line":16,"column":17},"end":{"line":18,"column":null}},"type":"cond-expr","locations":[{"start":{"line":17,"column":10},"end":{"line":17,"column":null}},{"start":{"line":18,"column":10},"end":{"line":18,"column":null}}],"line":16},"3":{"loc":{"start":{"line":19,"column":10},"end":{"line":19,"column":null}},"type":"cond-expr","locations":[{"start":{"line":19,"column":32},"end":{"line":19,"column":38}},{"start":{"line":19,"column":38},"end":{"line":19,"column":null}}],"line":19},"4":{"loc":{"start":{"line":21,"column":4},"end":{"line":21,"column":null}},"type":"if","locations":[{"start":{"line":21,"column":4},"end":{"line":21,"column":null}},{"start":{},"end":{}}],"line":21},"5":{"loc":{"start":{"line":21,"column":8},"end":{"line":21,"column":53}},"type":"binary-expr","locations":[{"start":{"line":21,"column":8},"end":{"line":21,"column":19}},{"start":{"line":21,"column":19},"end":{"line":21,"column":53}}],"line":21},"6":{"loc":{"start":{"line":30,"column":11},"end":{"line":32,"column":null}},"type":"cond-expr","locations":[{"start":{"line":31,"column":10},"end":{"line":31,"column":null}},{"start":{"line":32,"column":10},"end":{"line":32,"column":null}}],"line":30},"7":{"loc":{"start":{"line":36,"column":24},"end":{"line":36,"column":null}},"type":"binary-expr","locations":[{"start":{"line":36,"column":24},"end":{"line":36,"column":55}},{"start":{"line":36,"column":59},"end":{"line":36,"column":null}}],"line":36},"8":{"loc":{"start":{"line":38,"column":4},"end":{"line":38,"column":null}},"type":"if","locations":[{"start":{"line":38,"column":4},"end":{"line":38,"column":null}},{"start":{},"end":{}}],"line":38},"9":{"loc":{"start":{"line":38,"column":8},"end":{"line":38,"column":44}},"type":"binary-expr","locations":[{"start":{"line":38,"column":8},"end":{"line":38,"column":30}},{"start":{"line":38,"column":30},"end":{"line":38,"column":44}}],"line":38},"10":{"loc":{"start":{"line":39,"column":4},"end":{"line":39,"column":null}},"type":"if","locations":[{"start":{"line":39,"column":4},"end":{"line":39,"column":null}},{"start":{},"end":{}}],"line":39},"11":{"loc":{"start":{"line":53,"column":56},"end":{"line":53,"column":79}},"type":"default-arg","locations":[{"start":{"line":53,"column":68},"end":{"line":53,"column":79}}],"line":53},"12":{"loc":{"start":{"line":59,"column":27},"end":{"line":61,"column":null}},"type":"cond-expr","locations":[{"start":{"line":60,"column":10},"end":{"line":60,"column":null}},{"start":{"line":61,"column":10},"end":{"line":61,"column":null}}],"line":59},"13":{"loc":{"start":{"line":68,"column":12},"end":{"line":68,"column":null}},"type":"cond-expr","locations":[{"start":{"line":68,"column":53},"end":{"line":68,"column":83}},{"start":{"line":68,"column":86},"end":{"line":68,"column":null}}],"line":68},"14":{"loc":{"start":{"line":68,"column":12},"end":{"line":68,"column":53}},"type":"binary-expr","locations":[{"start":{"line":68,"column":12},"end":{"line":68,"column":34}},{"start":{"line":68,"column":34},"end":{"line":68,"column":53}}],"line":68},"15":{"loc":{"start":{"line":101,"column":49},"end":{"line":101,"column":77}},"type":"default-arg","locations":[{"start":{"line":101,"column":75},"end":{"line":101,"column":77}}],"line":101},"16":{"loc":{"start":{"line":105,"column":51},"end":{"line":105,"column":79}},"type":"default-arg","locations":[{"start":{"line":105,"column":77},"end":{"line":105,"column":79}}],"line":105},"17":{"loc":{"start":{"line":109,"column":50},"end":{"line":109,"column":78}},"type":"default-arg","locations":[{"start":{"line":109,"column":76},"end":{"line":109,"column":78}}],"line":109},"18":{"loc":{"start":{"line":113,"column":52},"end":{"line":113,"column":80}},"type":"default-arg","locations":[{"start":{"line":113,"column":78},"end":{"line":113,"column":80}}],"line":113},"19":{"loc":{"start":{"line":117,"column":53},"end":{"line":117,"column":81}},"type":"default-arg","locations":[{"start":{"line":117,"column":79},"end":{"line":117,"column":81}}],"line":117}},"s":{"0":2,"1":2,"2":2,"3":2,"4":0,"5":0,"6":0,"7":0,"8":0,"9":0,"10":0,"11":0,"12":0,"13":0,"14":0,"15":0,"16":0,"17":0,"18":0,"19":0,"20":0,"21":0,"22":0,"23":0,"24":0,"25":0,"26":0,"27":0,"28":0,"29":0,"30":0,"31":0,"32":0,"33":0,"34":0,"35":0,"36":0,"37":0,"38":2,"39":0,"40":0,"41":0,"42":0,"43":0,"44":0,"45":0},"f":{"0":0,"1":0,"2":0,"3":0,"4":0,"5":0,"6":0,"7":0,"8":0,"9":0,"10":0,"11":0},"b":{"0":[2,0],"1":[2,0],"2":[0,0],"3":[0,0],"4":[0,0],"5":[0,0],"6":[0,0],"7":[0,0],"8":[0,0],"9":[0,0],"10":[0,0],"11":[0],"12":[0,0],"13":[0,0],"14":[0,0],"15":[0],"16":[0],"17":[0],"18":[0],"19":[0]},"meta":{"lastBranch":20,"lastFunction":12,"lastStatement":46,"seen":{"s:9:50:9:52":0,"s:10:52:10:54":1,"s:11:17:11:Infinity":2,"b:11:17:11:54:11:54:11:Infinity":0,"s:12:15:12:Infinity":3,"b:12:15:12:46:12:46:12:Infinity":1,"f:15:9:15:18":0,"s:16:17:18:Infinity":4,"b:17:10:17:Infinity:18:10:18:Infinity":2,"s:19:4:19:Infinity":5,"b:19:32:19:38:19:38:19:Infinity":3,"s:20:4:20:Infinity":6,"b:21:4:21:Infinity:undefined:undefined:undefined:undefined":4,"s:21:4:21:Infinity":7,"b:21:8:21:19:21:19:21:53":5,"s:21:53:21:Infinity":8,"s:23:18:28:16":9,"f:24:31:24:Infinity":1,"s:25:30:25:Infinity":10,"s:30:4:32:Infinity":11,"b:31:10:31:Infinity:32:10:32:Infinity":6,"f:35:15:35:25":2,"s:36:24:36:Infinity":12,"b:36:24:36:55:36:59:36:Infinity":7,"b:38:4:38:Infinity:undefined:undefined:undefined:undefined":8,"s:38:4:38:Infinity":13,"b:38:8:38:30:38:30:38:44":9,"s:38:44:38:Infinity":14,"b:39:4:39:Infinity:undefined:undefined:undefined:undefined":10,"s:39:4:39:Infinity":15,"s:39:50:39:Infinity":16,"s:41:4:41:Infinity":17,"f:46:15:46:36":3,"s:48:22:48:Infinity":18,"s:49:4:50:Infinity":19,"s:50:8:50:Infinity":20,"s:53:79:53:Infinity":21,"b:53:68:53:79":11,"s:56:30:56:51":22,"s:57:22:57:76":23,"f:57:22:57:39":4,"s:57:39:57:64":24,"s:59:27:61:Infinity":25,"b:60:10:60:Infinity:61:10:61:Infinity":12,"s:63:38:69:Infinity":26,"b:68:53:68:83:68:86:68:Infinity":13,"b:68:12:68:34:68:34:68:53":14,"s:71:4:92:Infinity":27,"s:73:8:73:Infinity":28,"s:74:20:74:68":29,"s:75:8:75:Infinity":30,"s:77:21:77:41":31,"s:80:38:80:Infinity":32,"s:83:8:84:Infinity":33,"s:84:12:84:Infinity":34,"s:87:8:87:Infinity":35,"s:89:8:89:Infinity":36,"s:92:8:92:Infinity":37,"s:98:26:129:Infinity":38,"f:101:4:101:21":5,"b:101:75:101:77":15,"s:102:8:102:Infinity":39,"f:105:4:105:22":6,"b:105:77:105:79":16,"s:106:8:106:Infinity":40,"f:109:4:109:21":7,"b:109:76:109:78":17,"s:110:8:110:Infinity":41,"f:113:4:113:23":8,"b:113:78:113:80":18,"s:114:8:114:Infinity":42,"f:117:4:117:24":9,"b:117:79:117:81":19,"s:118:8:118:Infinity":43,"f:122:4:122:26":10,"s:123:8:123:Infinity":44,"f:126:4:126:27":11,"s:127:8:127:Infinity":45}}}
,"/home/teddie/projects/frontend/src/services/facebookUserService.ts": {"path":"/home/teddie/projects/frontend/src/services/facebookUserService.ts","statementMap":{"0":{"start":{"line":10,"column":35},"end":{"line":10,"column":null}},"1":{"start":{"line":12,"column":35},"end":{"line":45,"column":null}},"2":{"start":{"line":13,"column":14},"end":{"line":13,"column":74}},"3":{"start":{"line":16,"column":4},"end":{"line":16,"column":74}},"4":{"start":{"line":19,"column":4},"end":{"line":19,"column":94}},"5":{"start":{"line":22,"column":4},"end":{"line":22,"column":81}},"6":{"start":{"line":25,"column":4},"end":{"line":25,"column":80}},"7":{"start":{"line":32,"column":4},"end":{"line":34,"column":null}},"8":{"start":{"line":38,"column":4},"end":{"line":38,"column":80}},"9":{"start":{"line":41,"column":4},"end":{"line":41,"column":99}},"10":{"start":{"line":44,"column":4},"end":{"line":44,"column":null}}},"fnMap":{"0":{"name":"(anonymous_0)","decl":{"start":{"line":13,"column":2},"end":{"line":13,"column":14}},"loc":{"start":{"line":13,"column":14},"end":{"line":13,"column":74}},"line":13},"1":{"name":"(anonymous_1)","decl":{"start":{"line":15,"column":2},"end":{"line":15,"column":null}},"loc":{"start":{"line":16,"column":4},"end":{"line":16,"column":74}},"line":16},"2":{"name":"(anonymous_2)","decl":{"start":{"line":18,"column":2},"end":{"line":18,"column":12}},"loc":{"start":{"line":19,"column":4},"end":{"line":19,"column":94}},"line":19},"3":{"name":"(anonymous_3)","decl":{"start":{"line":21,"column":2},"end":{"line":21,"column":11}},"loc":{"start":{"line":22,"column":4},"end":{"line":22,"column":81}},"line":22},"4":{"name":"(anonymous_4)","decl":{"start":{"line":24,"column":2},"end":{"line":24,"column":11}},"loc":{"start":{"line":25,"column":4},"end":{"line":25,"column":80}},"line":25},"5":{"name":"(anonymous_5)","decl":{"start":{"line":27,"column":2},"end":{"line":27,"column":null}},"loc":{"start":{"line":32,"column":4},"end":{"line":34,"column":null}},"line":32},"6":{"name":"(anonymous_6)","decl":{"start":{"line":37,"column":2},"end":{"line":37,"column":11}},"loc":{"start":{"line":38,"column":4},"end":{"line":38,"column":80}},"line":38},"7":{"name":"(anonymous_7)","decl":{"start":{"line":40,"column":2},"end":{"line":40,"column":16}},"loc":{"start":{"line":41,"column":4},"end":{"line":41,"column":99}},"line":41},"8":{"name":"(anonymous_8)","decl":{"start":{"line":43,"column":2},"end":{"line":43,"column":14}},"loc":{"start":{"line":44,"column":4},"end":{"line":44,"column":null}},"line":44}},"branchMap":{"0":{"loc":{"start":{"line":29,"column":4},"end":{"line":29,"column":null}},"type":"default-arg","locations":[{"start":{"line":29,"column":19},"end":{"line":29,"column":null}}],"line":29},"1":{"loc":{"start":{"line":30,"column":4},"end":{"line":30,"column":null}},"type":"default-arg","locations":[{"start":{"line":30,"column":19},"end":{"line":30,"column":null}}],"line":30}},"s":{"0":2,"1":2,"2":0,"3":2,"4":1,"5":1,"6":1,"7":1,"8":1,"9":1,"10":1},"f":{"0":0,"1":2,"2":1,"3":1,"4":1,"5":1,"6":1,"7":1,"8":1},"b":{"0":[1],"1":[1]},"meta":{"lastBranch":2,"lastFunction":9,"lastStatement":11,"seen":{"s:10:35:10:Infinity":0,"s:12:35:45:Infinity":1,"f:13:2:13:14":0,"s:13:14:13:74":2,"f:15:2:15:Infinity":1,"s:16:4:16:74":3,"f:18:2:18:12":2,"s:19:4:19:94":4,"f:21:2:21:11":3,"s:22:4:22:81":5,"f:24:2:24:11":4,"s:25:4:25:80":6,"f:27:2:27:Infinity":5,"s:32:4:34:Infinity":7,"b:29:19:29:Infinity":0,"b:30:19:30:Infinity":1,"f:37:2:37:11":6,"s:38:4:38:80":8,"f:40:2:40:16":7,"s:41:4:41:99":9,"f:43:2:43:14":8,"s:44:4:44:Infinity":10}}}
,"/home/teddie/projects/frontend/src/types/index.ts": {"path":"/home/teddie/projects/frontend/src/types/index.ts","statementMap":{"0":{"start":{"line":474,"column":8},"end":{"line":474,"column":null}},"1":{"start":{"line":475,"column":8},"end":{"line":475,"column":null}},"2":{"start":{"line":476,"column":8},"end":{"line":476,"column":null}}},"fnMap":{"0":{"name":"(anonymous_0)","decl":{"start":{"line":473,"column":4},"end":{"line":473,"column":16}},"loc":{"start":{"line":473,"column":32},"end":{"line":476,"column":null}},"line":473}},"branchMap":{},"s":{"0":0,"1":0,"2":0},"f":{"0":0},"b":{},"meta":{"lastBranch":0,"lastFunction":1,"lastStatement":3,"seen":{"f:473:4:473:16":0,"s:474:8:474:Infinity":0,"s:475:8:475:Infinity":1,"s:476:8:476:Infinity":2}}}
}
